<?xml version="1.0" encoding="UTF-8"?>
<!-- Generated by org.testng.reporters.JUnitReportReporter -->
<testsuite hostname="IT-CORES-045" failures="0" tests="1" name="com.fatura.testcases.FAQsPageTest" time="6.474" errors="0" timestamp="2022-10-14T00:47:41 EET" skipped="0">
  <testcase classname="com.fatura.testcases.FAQsPageTest" name="ClickingOnFAQs" time="6.474"/>
  <system-out/>
</testsuite> <!-- com.fatura.testcases.FAQsPageTest -->
